дек. 25, 2024 11:05:31 PM org.example.client.MenuController initialize
INFO: Инициализация контроллера
дек. 25, 2024 11:05:31 PM org.example.client.MenuController showAlert
INFO: Вызов Alert
дек. 25, 2024 11:05:32 PM org.example.client.MenuController studentShowListData
INFO: Инициализация таблицы
дек. 25, 2024 11:06:11 PM org.example.client.MenuController initialize
INFO: Инициализация контроллера
дек. 25, 2024 11:06:11 PM org.example.client.MenuController loadData
INFO: Запрос данных студентов
дек. 25, 2024 11:07:31 PM org.example.client.MenuController initialize
INFO: Инициализация контроллера
дек. 25, 2024 11:07:31 PM org.example.client.MenuController loadData
INFO: Запрос данных студентов
дек. 25, 2024 11:08:34 PM org.example.client.MenuController initialize
INFO: Инициализация контроллера
дек. 25, 2024 11:11:41 PM org.example.client.MenuController initialize
INFO: Инициализация контроллера
дек. 25, 2024 11:17:08 PM org.example.client.MenuController initialize
INFO: Инициализация контроллера
дек. 25, 2024 11:18:23 PM org.example.client.MenuController initialize
INFO: Инициализация контроллера
дек. 25, 2024 11:21:02 PM org.example.client.MenuController initialize
INFO: Инициализация контроллера
дек. 25, 2024 11:21:02 PM org.example.client.MenuController loadData
INFO: Запрос данных студентов
дек. 25, 2024 11:22:11 PM org.example.client.MenuController initialize
INFO: Инициализация контроллера
дек. 25, 2024 11:22:11 PM org.example.client.MenuController loadData
INFO: Запрос данных студентов
дек. 25, 2024 11:28:33 PM org.example.client.MenuController initialize
INFO: Инициализация контроллера
дек. 25, 2024 11:28:33 PM org.example.client.MenuController loadData
INFO: Запрос данных студентов
дек. 25, 2024 11:28:54 PM org.example.client.MenuController initialize
INFO: Инициализация контроллера
дек. 25, 2024 11:28:54 PM org.example.client.MenuController loadData
INFO: Запрос данных студентов
дек. 25, 2024 11:33:01 PM org.example.client.MenuController initialize
INFO: Инициализация контроллера
дек. 25, 2024 11:33:01 PM org.example.client.MenuController loadData
INFO: Запрос данных студентов
дек. 25, 2024 11:33:22 PM org.example.client.MenuController initialize
INFO: Инициализация контроллера
дек. 25, 2024 11:33:22 PM org.example.client.MenuController loadData
INFO: Запрос данных студентов
дек. 25, 2024 11:33:23 PM org.example.client.MenuController orderShowListData
INFO: Инициализация таблицы
дек. 25, 2024 11:41:40 PM org.example.client.MenuController initialize
INFO: Инициализация контроллера
дек. 25, 2024 11:41:40 PM org.example.client.MenuController loadData
INFO: Запрос данных студентов
дек. 25, 2024 11:41:41 PM org.example.client.MenuController orderShowListData
INFO: Инициализация таблицы
дек. 25, 2024 11:41:50 PM org.example.client.MenuController initialize
INFO: Инициализация контроллера
дек. 25, 2024 11:41:50 PM org.example.client.MenuController loadData
INFO: Запрос данных студентов
дек. 25, 2024 11:41:50 PM org.example.client.MenuController orderShowListData
INFO: Инициализация таблицы
дек. 25, 2024 11:48:21 PM org.example.client.MenuController initialize
INFO: Инициализация контроллера
дек. 25, 2024 11:48:21 PM org.example.client.MenuController loadData
INFO: Запрос данных студентов
дек. 25, 2024 11:48:21 PM org.example.client.MenuController orderShowListData
INFO: Инициализация таблицы
дек. 25, 2024 11:48:26 PM org.example.client.MenuController initialize
INFO: Инициализация контроллера
дек. 25, 2024 11:48:26 PM org.example.client.MenuController loadData
INFO: Запрос данных студентов
дек. 25, 2024 11:48:26 PM org.example.client.MenuController orderShowListData
INFO: Инициализация таблицы
дек. 25, 2024 11:55:34 PM org.example.client.MenuController initialize
INFO: Инициализация контроллера
дек. 25, 2024 11:55:34 PM org.example.client.MenuController loadData
INFO: Запрос данных студентов
дек. 25, 2024 11:55:34 PM org.example.client.MenuController orderShowListData
INFO: Инициализация таблицы
дек. 25, 2024 11:55:37 PM org.example.client.MenuController onAdd
INFO: Попытка добавления новой записи
дек. 25, 2024 11:55:37 PM org.example.client.MenuController showAlert
INFO: Вызов Alert
дек. 25, 2024 11:55:42 PM org.example.client.MenuController onAdd
INFO: Попытка добавления новой записи
дек. 25, 2024 11:55:42 PM org.example.client.MenuController showAlert
INFO: Вызов Alert
дек. 25, 2024 11:55:44 PM org.example.client.MenuController initialize
INFO: Инициализация контроллера
дек. 25, 2024 11:55:44 PM org.example.client.MenuController loadData
INFO: Запрос данных студентов
дек. 25, 2024 11:55:44 PM org.example.client.MenuController orderShowListData
INFO: Инициализация таблицы
дек. 25, 2024 11:55:47 PM org.example.client.MenuController onAdd
INFO: Попытка добавления новой записи
дек. 25, 2024 11:58:42 PM org.example.client.MenuController initialize
INFO: Инициализация контроллера
дек. 25, 2024 11:58:42 PM org.example.client.MenuController loadData
INFO: Запрос данных студентов
дек. 25, 2024 11:58:42 PM org.example.client.MenuController orderShowListData
INFO: Инициализация таблицы
дек. 25, 2024 11:58:48 PM org.example.client.MenuController initialize
INFO: Инициализация контроллера
дек. 25, 2024 11:58:48 PM org.example.client.MenuController loadData
INFO: Запрос данных студентов
дек. 25, 2024 11:58:48 PM org.example.client.MenuController orderShowListData
INFO: Инициализация таблицы
дек. 25, 2024 11:58:53 PM org.example.client.MenuController onAdd
INFO: Попытка добавления новой записи
дек. 26, 2024 12:59:48 AM org.example.client.MenuController initialize
INFO: Инициализация контроллера
дек. 26, 2024 12:59:48 AM org.example.client.MenuController loadData
INFO: Запрос данных студентов
дек. 26, 2024 12:59:48 AM org.example.client.MenuController orderShowListData
INFO: Инициализация таблицы
дек. 26, 2024 12:59:51 AM org.example.client.MenuController initialize
INFO: Инициализация контроллера
дек. 26, 2024 12:59:51 AM org.example.client.MenuController loadData
INFO: Запрос данных студентов
дек. 26, 2024 12:59:51 AM org.example.client.MenuController orderShowListData
INFO: Инициализация таблицы
дек. 26, 2024 12:59:57 AM org.example.client.MenuController onAdd
INFO: Попытка добавления новой записи
дек. 26, 2024 1:00:05 AM org.example.client.MenuController onAdd
INFO: Попытка добавления новой записи
дек. 26, 2024 1:01:37 AM org.example.client.MenuController initialize
INFO: Инициализация контроллера
дек. 26, 2024 1:01:37 AM org.example.client.MenuController loadData
INFO: Запрос данных студентов
дек. 26, 2024 1:01:37 AM org.example.client.MenuController orderShowListData
INFO: Инициализация таблицы
дек. 26, 2024 1:01:44 AM org.example.client.MenuController initialize
INFO: Инициализация контроллера
дек. 26, 2024 1:01:44 AM org.example.client.MenuController loadData
INFO: Запрос данных студентов
дек. 26, 2024 1:01:44 AM org.example.client.MenuController orderShowListData
INFO: Инициализация таблицы
дек. 26, 2024 1:01:47 AM org.example.client.MenuController onAdd
INFO: Попытка добавления новой записи
дек. 26, 2024 1:01:47 AM org.example.client.MenuController showAlert
INFO: Вызов Alert
дек. 26, 2024 1:01:50 AM org.example.client.MenuController onAdd
INFO: Попытка добавления новой записи
дек. 26, 2024 1:01:50 AM org.example.client.MenuController showAlert
INFO: Вызов Alert
дек. 26, 2024 1:01:58 AM org.example.client.MenuController onAdd
INFO: Попытка добавления новой записи
дек. 26, 2024 1:01:58 AM org.example.client.MenuController showAlert
INFO: Вызов Alert
дек. 26, 2024 1:02:05 AM org.example.client.MenuController onAdd
INFO: Попытка добавления новой записи
дек. 26, 2024 1:02:05 AM org.example.client.MenuController showAlert
INFO: Вызов Alert
дек. 26, 2024 1:04:22 AM org.example.client.MenuController initialize
INFO: Инициализация контроллера
дек. 26, 2024 1:04:22 AM org.example.client.MenuController loadData
INFO: Запрос данных студентов
дек. 26, 2024 1:04:22 AM org.example.client.MenuController orderShowListData
INFO: Инициализация таблицы
дек. 26, 2024 1:04:28 AM org.example.client.MenuController initialize
INFO: Инициализация контроллера
дек. 26, 2024 1:04:28 AM org.example.client.MenuController loadData
INFO: Запрос данных студентов
дек. 26, 2024 1:04:28 AM org.example.client.MenuController orderShowListData
INFO: Инициализация таблицы
дек. 26, 2024 1:04:31 AM org.example.client.MenuController onAdd
INFO: Попытка добавления новой записи
дек. 26, 2024 1:04:31 AM org.example.client.MenuController showAlert
INFO: Вызов Alert
дек. 26, 2024 1:04:43 AM org.example.client.MenuController onAdd
INFO: Попытка добавления новой записи
дек. 26, 2024 1:04:43 AM org.example.client.MenuController showAlert
INFO: Вызов Alert
дек. 26, 2024 1:04:46 AM org.example.client.MenuController onAdd
INFO: Попытка добавления новой записи
дек. 26, 2024 1:04:46 AM org.example.client.MenuController showAlert
INFO: Вызов Alert
дек. 26, 2024 1:04:48 AM org.example.client.MenuController onAdd
INFO: Попытка добавления новой записи
дек. 26, 2024 1:04:48 AM org.example.client.MenuController showAlert
INFO: Вызов Alert
дек. 26, 2024 1:06:50 AM org.example.client.MenuController initialize
INFO: Инициализация контроллера
дек. 26, 2024 1:06:50 AM org.example.client.MenuController loadData
INFO: Запрос данных студентов
дек. 26, 2024 1:06:50 AM org.example.client.MenuController orderShowListData
INFO: Инициализация таблицы
дек. 26, 2024 1:06:53 AM org.example.client.MenuController initialize
INFO: Инициализация контроллера
дек. 26, 2024 1:06:53 AM org.example.client.MenuController loadData
INFO: Запрос данных студентов
дек. 26, 2024 1:06:53 AM org.example.client.MenuController orderShowListData
INFO: Инициализация таблицы
дек. 26, 2024 1:06:56 AM org.example.client.MenuController onAdd
INFO: Попытка добавления новой записи
дек. 26, 2024 1:06:56 AM org.example.client.MenuController showAlert
INFO: Вызов Alert
дек. 26, 2024 1:07:03 AM org.example.client.MenuController onAdd
INFO: Попытка добавления новой записи
дек. 26, 2024 1:07:03 AM org.example.client.MenuController showAlert
INFO: Вызов Alert
дек. 26, 2024 1:07:05 AM org.example.client.MenuController onAdd
INFO: Попытка добавления новой записи
дек. 26, 2024 1:07:05 AM org.example.client.MenuController showAlert
INFO: Вызов Alert
дек. 26, 2024 1:07:18 AM org.example.client.MenuController initialize
INFO: Инициализация контроллера
дек. 26, 2024 1:07:18 AM org.example.client.MenuController loadData
INFO: Запрос данных студентов
дек. 26, 2024 1:07:18 AM org.example.client.MenuController orderShowListData
INFO: Инициализация таблицы
дек. 26, 2024 1:07:23 AM org.example.client.MenuController initialize
INFO: Инициализация контроллера
дек. 26, 2024 1:07:23 AM org.example.client.MenuController loadData
INFO: Запрос данных студентов
дек. 26, 2024 1:07:23 AM org.example.client.MenuController orderShowListData
INFO: Инициализация таблицы
дек. 26, 2024 1:07:26 AM org.example.client.MenuController onAdd
INFO: Попытка добавления новой записи
дек. 26, 2024 1:07:26 AM org.example.client.MenuController showAlert
INFO: Вызов Alert
дек. 26, 2024 1:13:21 AM org.example.client.MenuController initialize
INFO: Инициализация контроллера
дек. 26, 2024 1:13:21 AM org.example.client.MenuController loadData
INFO: Запрос данных студентов
дек. 26, 2024 1:13:21 AM org.example.client.MenuController orderShowListData
INFO: Инициализация таблицы
дек. 26, 2024 1:13:31 AM org.example.client.MenuController initialize
INFO: Инициализация контроллера
дек. 26, 2024 1:13:31 AM org.example.client.MenuController loadData
INFO: Запрос данных студентов
дек. 26, 2024 1:13:31 AM org.example.client.MenuController orderShowListData
INFO: Инициализация таблицы
дек. 26, 2024 1:13:36 AM org.example.client.MenuController onAdd
INFO: Попытка добавления новой записи
дек. 26, 2024 1:13:36 AM org.example.client.MenuController showAlert
INFO: Вызов Alert
дек. 26, 2024 1:14:53 AM org.example.client.MenuController initialize
INFO: Инициализация контроллера
дек. 26, 2024 1:14:53 AM org.example.client.MenuController loadData
INFO: Запрос данных студентов
дек. 26, 2024 1:14:53 AM org.example.client.MenuController orderShowListData
INFO: Инициализация таблицы
дек. 26, 2024 1:14:57 AM org.example.client.MenuController initialize
INFO: Инициализация контроллера
дек. 26, 2024 1:14:57 AM org.example.client.MenuController loadData
INFO: Запрос данных студентов
дек. 26, 2024 1:14:57 AM org.example.client.MenuController orderShowListData
INFO: Инициализация таблицы
дек. 26, 2024 1:15:00 AM org.example.client.MenuController onAdd
INFO: Попытка добавления новой записи
дек. 26, 2024 1:15:00 AM org.example.client.MenuController showAlert
INFO: Вызов Alert
дек. 26, 2024 1:18:18 AM org.example.client.MenuController initialize
INFO: Инициализация контроллера
дек. 26, 2024 1:18:18 AM org.example.client.MenuController loadData
INFO: Запрос данных студентов
дек. 26, 2024 1:18:18 AM org.example.client.MenuController orderShowListData
INFO: Инициализация таблицы
дек. 26, 2024 1:18:23 AM org.example.client.MenuController initialize
INFO: Инициализация контроллера
дек. 26, 2024 1:18:23 AM org.example.client.MenuController loadData
INFO: Запрос данных студентов
дек. 26, 2024 1:18:23 AM org.example.client.MenuController orderShowListData
INFO: Инициализация таблицы
дек. 26, 2024 1:18:27 AM org.example.client.MenuController onAdd
INFO: Попытка добавления новой записи
дек. 26, 2024 1:18:27 AM org.example.client.MenuController showAlert
INFO: Вызов Alert
дек. 26, 2024 1:18:36 AM org.example.client.MenuController onAdd
INFO: Попытка добавления новой записи
дек. 26, 2024 1:18:36 AM org.example.client.MenuController showAlert
INFO: Вызов Alert
дек. 26, 2024 1:18:39 AM org.example.client.MenuController onAdd
INFO: Попытка добавления новой записи
дек. 26, 2024 1:18:39 AM org.example.client.MenuController showAlert
INFO: Вызов Alert
дек. 26, 2024 1:18:49 AM org.example.client.MenuController onAdd
INFO: Попытка добавления новой записи
дек. 26, 2024 1:18:49 AM org.example.client.MenuController showAlert
INFO: Вызов Alert
дек. 26, 2024 1:18:58 AM org.example.client.MenuController onAdd
INFO: Попытка добавления новой записи
дек. 26, 2024 1:18:58 AM org.example.client.MenuController showAlert
INFO: Вызов Alert
дек. 26, 2024 1:19:42 AM org.example.client.MenuController onAdd
INFO: Попытка добавления новой записи
дек. 26, 2024 1:19:42 AM org.example.client.MenuController showAlert
INFO: Вызов Alert
дек. 26, 2024 1:19:49 AM org.example.client.MenuController onAdd
INFO: Попытка добавления новой записи
дек. 26, 2024 1:19:49 AM org.example.client.MenuController showAlert
INFO: Вызов Alert
дек. 26, 2024 1:22:50 AM org.example.client.MenuController onAdd
INFO: Попытка добавления новой записи
дек. 26, 2024 1:22:50 AM org.example.client.MenuController showAlert
INFO: Вызов Alert
дек. 26, 2024 1:25:07 AM org.example.client.MenuController onAdd
INFO: Попытка добавления новой записи
дек. 26, 2024 1:25:07 AM org.example.client.MenuController showAlert
INFO: Вызов Alert
дек. 26, 2024 1:25:22 AM org.example.client.MenuController onAdd
INFO: Попытка добавления новой записи
дек. 26, 2024 1:25:22 AM org.example.client.MenuController showAlert
INFO: Вызов Alert
дек. 26, 2024 1:25:35 AM org.example.client.MenuController onAdd
INFO: Попытка добавления новой записи
дек. 26, 2024 1:25:35 AM org.example.client.MenuController showAlert
INFO: Вызов Alert
дек. 26, 2024 1:25:42 AM org.example.client.MenuController onAdd
INFO: Попытка добавления новой записи
дек. 26, 2024 1:25:42 AM org.example.client.MenuController showAlert
INFO: Вызов Alert
дек. 26, 2024 1:25:44 AM org.example.client.MenuController onAdd
INFO: Попытка добавления новой записи
дек. 26, 2024 1:25:44 AM org.example.client.MenuController showAlert
INFO: Вызов Alert
дек. 26, 2024 1:25:48 AM org.example.client.MenuController onAdd
INFO: Попытка добавления новой записи
дек. 26, 2024 1:25:48 AM org.example.client.MenuController showAlert
INFO: Вызов Alert
дек. 26, 2024 1:25:51 AM org.example.client.MenuController onAdd
INFO: Попытка добавления новой записи
дек. 26, 2024 1:25:51 AM org.example.client.MenuController showAlert
INFO: Вызов Alert
дек. 26, 2024 1:25:53 AM org.example.client.MenuController onAdd
INFO: Попытка добавления новой записи
дек. 26, 2024 1:25:53 AM org.example.client.MenuController showAlert
INFO: Вызов Alert
дек. 26, 2024 1:27:12 AM org.example.client.MenuController onAdd
INFO: Попытка добавления новой записи
дек. 26, 2024 1:27:12 AM org.example.client.MenuController showAlert
INFO: Вызов Alert
дек. 26, 2024 1:27:15 AM org.example.client.MenuController onAdd
INFO: Попытка добавления новой записи
дек. 26, 2024 1:27:15 AM org.example.client.MenuController showAlert
INFO: Вызов Alert
дек. 26, 2024 1:27:22 AM org.example.client.MenuController onAdd
INFO: Попытка добавления новой записи
дек. 26, 2024 1:27:22 AM org.example.client.MenuController showAlert
INFO: Вызов Alert
дек. 26, 2024 1:32:10 AM org.example.client.MenuController initialize
INFO: Инициализация контроллера
дек. 26, 2024 1:32:10 AM org.example.client.MenuController loadData
INFO: Запрос данных студентов
дек. 26, 2024 1:32:10 AM org.example.client.MenuController orderShowListData
INFO: Инициализация таблицы
дек. 26, 2024 1:32:13 AM org.example.client.MenuController initialize
INFO: Инициализация контроллера
дек. 26, 2024 1:32:13 AM org.example.client.MenuController loadData
INFO: Запрос данных студентов
дек. 26, 2024 1:32:13 AM org.example.client.MenuController orderShowListData
INFO: Инициализация таблицы
дек. 26, 2024 1:32:29 AM org.example.client.MenuController onAdd
INFO: Попытка добавления новой записи
дек. 26, 2024 1:32:29 AM org.example.client.MenuController showAlert
INFO: Вызов Alert
дек. 26, 2024 1:32:36 AM org.example.client.MenuController onAdd
INFO: Попытка добавления новой записи
дек. 26, 2024 1:32:36 AM org.example.client.MenuController showAlert
INFO: Вызов Alert
дек. 26, 2024 2:02:45 AM org.example.client.MenuController initialize
INFO: Инициализация контроллера
дек. 26, 2024 2:02:45 AM org.example.client.MenuController loadData
INFO: Запрос данных студентов
дек. 26, 2024 2:02:45 AM org.example.client.MenuController orderShowListData
INFO: Инициализация таблицы
дек. 26, 2024 2:02:51 AM org.example.client.MenuController onAdd
INFO: Попытка добавления новой записи
дек. 26, 2024 2:02:51 AM org.example.client.MenuController showAlert
INFO: Вызов Alert
дек. 26, 2024 2:03:15 AM org.example.client.MenuController initialize
INFO: Инициализация контроллера
дек. 26, 2024 2:03:15 AM org.example.client.MenuController loadData
INFO: Запрос данных студентов
дек. 26, 2024 2:03:15 AM org.example.client.MenuController orderShowListData
INFO: Инициализация таблицы
дек. 26, 2024 2:03:31 AM org.example.client.MenuController onAdd
INFO: Попытка добавления новой записи
дек. 26, 2024 2:03:31 AM org.example.client.MenuController showAlert
INFO: Вызов Alert
дек. 26, 2024 2:03:36 AM org.example.client.MenuController onAdd
INFO: Попытка добавления новой записи
дек. 26, 2024 2:03:36 AM org.example.client.MenuController showAlert
INFO: Вызов Alert
дек. 26, 2024 2:03:53 AM org.example.client.MenuController onAdd
INFO: Попытка добавления новой записи
дек. 26, 2024 2:03:53 AM org.example.client.MenuController showAlert
INFO: Вызов Alert
дек. 26, 2024 2:03:56 AM org.example.client.MenuController loadData
INFO: Запрос данных студентов
дек. 26, 2024 2:03:56 AM org.example.client.MenuController onClear
INFO: Сброс значений в полях ввода
дек. 26, 2024 2:03:56 AM org.example.client.MenuController onAdd
INFO: Новая запись успешно добавлена: 10:10 dw
дек. 26, 2024 2:04:46 AM org.example.client.MenuController initialize
INFO: Инициализация контроллера
дек. 26, 2024 2:04:46 AM org.example.client.MenuController loadData
INFO: Запрос данных студентов
дек. 26, 2024 2:04:46 AM org.example.client.MenuController orderShowListData
INFO: Инициализация таблицы
дек. 26, 2024 2:05:13 AM org.example.client.MenuController initialize
INFO: Инициализация контроллера
дек. 26, 2024 2:05:13 AM org.example.client.MenuController loadData
INFO: Запрос данных студентов
дек. 26, 2024 2:05:13 AM org.example.client.MenuController orderShowListData
INFO: Инициализация таблицы
дек. 26, 2024 2:25:37 AM org.example.client.MenuController initialize
INFO: Инициализация контроллера
дек. 26, 2024 2:25:37 AM org.example.client.MenuController loadData
INFO: Запрос данных студентов
дек. 26, 2024 2:25:37 AM org.example.client.MenuController orderShowListData
INFO: Инициализация таблицы
дек. 26, 2024 2:25:39 AM org.example.client.MenuController orderShowListData
INFO: Инициализация таблицы
дек. 26, 2024 2:25:43 AM org.example.client.MenuController orderShowListData
INFO: Инициализация таблицы
дек. 26, 2024 2:25:44 AM org.example.client.MenuController orderShowListData
INFO: Инициализация таблицы
дек. 26, 2024 2:25:44 AM org.example.client.MenuController orderShowListData
INFO: Инициализация таблицы
дек. 26, 2024 2:25:44 AM org.example.client.MenuController orderShowListData
INFO: Инициализация таблицы
дек. 26, 2024 2:25:44 AM org.example.client.MenuController orderShowListData
INFO: Инициализация таблицы
дек. 26, 2024 2:25:45 AM org.example.client.MenuController orderShowListData
INFO: Инициализация таблицы
дек. 26, 2024 2:25:50 AM org.example.client.MenuController orderShowListData
INFO: Инициализация таблицы
дек. 26, 2024 2:25:51 AM org.example.client.MenuController orderShowListData
INFO: Инициализация таблицы
дек. 26, 2024 2:26:56 AM org.example.client.MenuController initialize
INFO: Инициализация контроллера
дек. 26, 2024 2:26:56 AM org.example.client.MenuController loadData
INFO: Запрос данных студентов
дек. 26, 2024 2:26:56 AM org.example.client.MenuController orderShowListData
INFO: Инициализация таблицы
дек. 26, 2024 2:28:11 AM org.example.client.MenuController initialize
INFO: Инициализация контроллера
дек. 26, 2024 2:28:11 AM org.example.client.MenuController loadData
INFO: Запрос данных студентов
дек. 26, 2024 2:28:11 AM org.example.client.MenuController orderShowListData
INFO: Инициализация таблицы
дек. 26, 2024 2:36:03 AM org.example.client.MenuController initialize
INFO: Инициализация контроллера
дек. 26, 2024 2:36:03 AM org.example.client.MenuController loadData
INFO: Запрос данных студентов
дек. 26, 2024 2:36:03 AM org.example.client.MenuController orderShowListData
INFO: Инициализация таблицы
дек. 26, 2024 2:36:18 AM org.example.client.MenuController initialize
INFO: Инициализация контроллера
дек. 26, 2024 2:36:18 AM org.example.client.MenuController loadData
INFO: Запрос данных студентов
дек. 26, 2024 2:36:18 AM org.example.client.MenuController orderShowListData
INFO: Инициализация таблицы
дек. 26, 2024 2:36:20 AM org.example.client.MenuController orderShowListData
INFO: Инициализация таблицы
дек. 26, 2024 2:36:21 AM org.example.client.MenuController orderShowListData
INFO: Инициализация таблицы
дек. 26, 2024 2:43:44 AM org.example.client.MenuController initialize
INFO: Инициализация контроллера
дек. 26, 2024 2:43:44 AM org.example.client.MenuController loadData
INFO: Запрос данных заказов
дек. 26, 2024 2:43:44 AM org.example.client.MenuController orderShowListData
INFO: Инициализация таблицы
дек. 26, 2024 2:43:45 AM org.example.client.MenuController onUpdate
INFO: Попытка обновлении записи в таблице
дек. 26, 2024 2:43:45 AM org.example.client.MenuController showAlert
INFO: Вызов Alert
дек. 26, 2024 2:43:48 AM org.example.client.MenuController loadData
INFO: Запрос данных заказов
дек. 26, 2024 2:44:01 AM org.example.client.MenuController initialize
INFO: Инициализация контроллера
дек. 26, 2024 2:44:01 AM org.example.client.MenuController loadData
INFO: Запрос данных заказов
дек. 26, 2024 2:44:01 AM org.example.client.MenuController orderShowListData
INFO: Инициализация таблицы
дек. 26, 2024 2:44:09 AM org.example.client.MenuController onAdd
INFO: Попытка добавления новой записи
дек. 26, 2024 2:44:09 AM org.example.client.MenuController showAlert
INFO: Вызов Alert
дек. 26, 2024 2:44:10 AM org.example.client.MenuController loadData
INFO: Запрос данных заказов
дек. 26, 2024 2:44:10 AM org.example.client.MenuController onClear
INFO: Сброс значений в полях ввода
дек. 26, 2024 2:44:10 AM org.example.client.MenuController onAdd
INFO: Новая запись успешно добавлена: 10:10 das
дек. 26, 2024 2:44:10 AM org.example.client.MenuController onUpdate
INFO: Попытка обновлении записи в таблице
дек. 26, 2024 2:44:10 AM org.example.client.MenuController showAlert
INFO: Вызов Alert
дек. 26, 2024 2:44:12 AM org.example.client.MenuController loadData
INFO: Запрос данных заказов
дек. 26, 2024 2:44:14 AM org.example.client.MenuController onUpdate
INFO: Попытка обновлении записи в таблице
дек. 26, 2024 2:44:14 AM org.example.client.MenuController showAlert
INFO: Вызов Alert
дек. 26, 2024 2:44:15 AM org.example.client.MenuController loadData
INFO: Запрос данных заказов
дек. 26, 2024 2:44:29 AM org.example.client.MenuController initialize
INFO: Инициализация контроллера
дек. 26, 2024 2:44:29 AM org.example.client.MenuController loadData
INFO: Запрос данных заказов
дек. 26, 2024 2:44:29 AM org.example.client.MenuController orderShowListData
INFO: Инициализация таблицы
дек. 26, 2024 2:44:30 AM org.example.client.MenuController loadData
INFO: Запрос данных заказов
дек. 26, 2024 2:44:31 AM org.example.client.MenuController loadData
INFO: Запрос данных заказов
дек. 26, 2024 2:44:31 AM org.example.client.MenuController loadData
INFO: Запрос данных заказов
дек. 26, 2024 2:44:38 AM org.example.client.MenuController loadData
INFO: Запрос данных заказов
дек. 26, 2024 2:44:53 AM org.example.client.MenuController initialize
INFO: Инициализация контроллера
дек. 26, 2024 2:44:53 AM org.example.client.MenuController loadData
INFO: Запрос данных заказов
дек. 26, 2024 2:44:53 AM org.example.client.MenuController orderShowListData
INFO: Инициализация таблицы
дек. 26, 2024 2:44:55 AM org.example.client.MenuController loadData
INFO: Запрос данных заказов
дек. 26, 2024 2:51:59 AM org.example.client.MenuController initialize
INFO: Инициализация контроллера
дек. 26, 2024 2:51:59 AM org.example.client.MenuController loadData
INFO: Запрос данных заказов
дек. 26, 2024 2:51:59 AM org.example.client.MenuController orderShowListData
INFO: Инициализация таблицы
дек. 26, 2024 2:52:00 AM org.example.client.MenuController loadData
INFO: Запрос данных заказов
дек. 26, 2024 2:52:00 AM org.example.client.MenuController orderShowListData
INFO: Инициализация таблицы
дек. 26, 2024 2:53:33 AM org.example.client.MenuController initialize
INFO: Инициализация контроллера
дек. 26, 2024 2:53:33 AM org.example.client.MenuController loadData
INFO: Запрос данных заказов
дек. 26, 2024 2:53:33 AM org.example.client.MenuController orderShowListData
INFO: Инициализация таблицы
дек. 26, 2024 2:53:34 AM org.example.client.MenuController loadData
INFO: Запрос данных заказов
дек. 26, 2024 2:53:34 AM org.example.client.MenuController orderShowListData
INFO: Инициализация таблицы
дек. 26, 2024 2:54:19 AM org.example.client.MenuController initialize
INFO: Инициализация контроллера
дек. 26, 2024 2:54:19 AM org.example.client.MenuController loadData
INFO: Запрос данных заказов
дек. 26, 2024 2:54:19 AM org.example.client.MenuController orderShowListData
INFO: Инициализация таблицы
дек. 26, 2024 2:54:20 AM org.example.client.MenuController loadData
INFO: Запрос данных заказов
дек. 26, 2024 2:54:20 AM org.example.client.MenuController orderShowListData
INFO: Инициализация таблицы
дек. 26, 2024 2:54:21 AM org.example.client.MenuController loadData
INFO: Запрос данных заказов
дек. 26, 2024 2:54:21 AM org.example.client.MenuController orderShowListData
INFO: Инициализация таблицы
дек. 26, 2024 2:54:22 AM org.example.client.MenuController loadData
INFO: Запрос данных заказов
дек. 26, 2024 2:54:22 AM org.example.client.MenuController orderShowListData
INFO: Инициализация таблицы
дек. 26, 2024 2:54:24 AM org.example.client.MenuController loadData
INFO: Запрос данных заказов
дек. 26, 2024 2:54:24 AM org.example.client.MenuController orderShowListData
INFO: Инициализация таблицы
дек. 26, 2024 2:56:33 AM org.example.client.MenuController initialize
INFO: Инициализация контроллера
дек. 26, 2024 2:56:33 AM org.example.client.MenuController loadData
INFO: Запрос данных заказов
дек. 26, 2024 2:56:33 AM org.example.client.MenuController orderShowListData
INFO: Инициализация таблицы
дек. 26, 2024 2:56:56 AM org.example.client.MenuController initialize
INFO: Инициализация контроллера
дек. 26, 2024 2:56:56 AM org.example.client.MenuController loadData
INFO: Запрос данных заказов
дек. 26, 2024 2:56:56 AM org.example.client.MenuController orderShowListData
INFO: Инициализация таблицы
дек. 26, 2024 2:57:08 AM org.example.client.MenuController onAdd
INFO: Попытка добавления новой записи
дек. 26, 2024 2:57:08 AM org.example.client.MenuController showAlert
INFO: Вызов Alert
дек. 26, 2024 2:57:10 AM org.example.client.MenuController loadData
INFO: Запрос данных заказов
дек. 26, 2024 2:57:10 AM org.example.client.MenuController onClear
INFO: Сброс значений в полях ввода
дек. 26, 2024 2:57:10 AM org.example.client.MenuController onAdd
INFO: Новая запись успешно добавлена: 10:10 dsadsa
дек. 26, 2024 2:57:13 AM org.example.client.MenuController loadData
INFO: Запрос данных заказов
дек. 26, 2024 2:57:13 AM org.example.client.MenuController orderShowListData
INFO: Инициализация таблицы
дек. 26, 2024 3:01:10 AM org.example.client.MenuController loadData
INFO: Запрос данных заказов
дек. 26, 2024 3:01:10 AM org.example.client.MenuController orderShowListData
INFO: Инициализация таблицы
дек. 26, 2024 3:01:18 AM org.example.client.MenuController loadData
INFO: Запрос данных заказов
дек. 26, 2024 3:01:18 AM org.example.client.MenuController orderShowListData
INFO: Инициализация таблицы
дек. 26, 2024 3:04:30 AM org.example.client.MenuController initialize
INFO: Инициализация контроллера
дек. 26, 2024 3:04:30 AM org.example.client.MenuController loadData
INFO: Запрос данных заказов
дек. 26, 2024 3:04:30 AM org.example.client.MenuController orderShowListData
INFO: Инициализация таблицы
дек. 26, 2024 3:04:37 AM org.example.client.MenuController loadData
INFO: Запрос данных заказов
дек. 26, 2024 3:04:37 AM org.example.client.MenuController orderShowListData
INFO: Инициализация таблицы
дек. 26, 2024 3:04:38 AM org.example.client.MenuController loadData
INFO: Запрос данных заказов
дек. 26, 2024 3:04:38 AM org.example.client.MenuController orderShowListData
INFO: Инициализация таблицы
дек. 26, 2024 3:10:13 AM org.example.client.MenuController initialize
INFO: Инициализация контроллера
дек. 26, 2024 3:10:13 AM org.example.client.MenuController loadData
INFO: Запрос данных заказов
дек. 26, 2024 3:10:13 AM org.example.client.MenuController orderShowListData
INFO: Инициализация таблицы
дек. 26, 2024 3:10:14 AM org.example.client.MenuController loadData
INFO: Запрос данных заказов
дек. 26, 2024 3:10:14 AM org.example.client.MenuController orderShowListData
INFO: Инициализация таблицы
дек. 26, 2024 3:10:15 AM org.example.client.MenuController loadData
INFO: Запрос данных заказов
дек. 26, 2024 3:10:15 AM org.example.client.MenuController orderShowListData
INFO: Инициализация таблицы
дек. 26, 2024 3:19:06 AM org.example.client.MenuController initialize
INFO: Инициализация контроллера
дек. 26, 2024 3:19:06 AM org.example.client.MenuController loadData
INFO: Запрос данных заказов
дек. 26, 2024 3:19:06 AM org.example.client.MenuController orderShowListData
INFO: Инициализация таблицы
дек. 26, 2024 3:19:08 AM org.example.client.MenuController loadData
INFO: Запрос данных заказов
дек. 26, 2024 3:19:08 AM org.example.client.MenuController orderShowListData
INFO: Инициализация таблицы
дек. 26, 2024 3:19:08 AM org.example.client.MenuController loadData
INFO: Запрос данных заказов
дек. 26, 2024 3:19:08 AM org.example.client.MenuController orderShowListData
INFO: Инициализация таблицы
дек. 26, 2024 3:19:10 AM org.example.client.MenuController loadData
INFO: Запрос данных заказов
дек. 26, 2024 3:19:10 AM org.example.client.MenuController orderShowListData
INFO: Инициализация таблицы
